Total reclaimed space: 0B
Deleted Images:
untagged: telegraf:latest
untagged: telegraf@sha256:2c462d284d4aaaca99f88cd6d9c00ab39c73cdfd5882c94bb139761967a17d9a
deleted: sha256:372c5b23db5c4c32cb8a4f96700df4a27f9910f7104fbd2d032ef2e4097d3a6d
deleted: sha256:10bc807cac2b6b591d5aa0f21a42deb964e8f1fe7649008f1b68f73c5d31ed88
deleted: sha256:ea86e93f45af18886431bbdcfce8efb96f4d3d0acf0eed477054b3a50b309218
deleted: sha256:2cad9cab73b3a01993fcd06d68a0cb7e8558b2245dfb91c6fcabdb05c080519a
deleted: sha256:a4beb292f0f80afad7ee1c5a3710ff296fdef0b16443ffd415fc73a81107abaf
deleted: sha256:19f2a825ed46bbf16a06d9d5185a0ac68196217f302e760abb4cbc3178b14cc1
deleted: sha256:b4f0436e967b6b9b021d3ed900a5422da6d8fe8c17c51c7d7e4f9c105812f868
deleted: sha256:4762552ad7d851a9901571428078281985074e5ddb806979dd7ad24748db4ca0

Total reclaimed space: 279.9MB
Deleted Images:
untagged: haugene/transmission-openvpn:dev
untagged: haugene/transmission-openvpn@sha256:18c6b6fba136b7f4c6a10dcf5f1dc2a040f0fe4525b4483aed50a6703916efe5
deleted: sha256:d74aa4e0571e39607531a1230958e4b50e9790dd150f32af7f23cf22d930983d
deleted: sha256:21900b95239521118e6da47fa031b4ba61bda8b89dad330aaeaeae2ec84c1b22
deleted: sha256:92845a5b007937b843253451a0e9cf8ebe2a8a5f1ee6e87f46bbc0f65b2a0425
deleted: sha256:1bab302d01ca90efe4c35f00eba546ae42ab8d3bab5f77c6529edd783a13543b
deleted: sha256:f052596a1796fc2ad69e170a210a30f5775bb1e455fbb98b2246e162b324331a
deleted: sha256:ecaa1ef30b3df92b28dddbee5576b8ec2b39cb20d9fd4a5b682f752b72c6c741
deleted: sha256:f4666769fca7a1db532e3de298ca87f7e3124f74d17e1937d1127cb17058fead

Total reclaimed space: 121.5MB
Total reclaimed space: 0B
Total reclaimed space: 0B
Total reclaimed space: 0B
Total reclaimed space: 0B
Total reclaimed space: 0B
Total reclaimed space: 0B
Total reclaimed space: 0B
Total reclaimed space: 0B
Total reclaimed space: 0B
Total reclaimed space: 0B
Total reclaimed space: 0B
Total reclaimed space: 0B
Total reclaimed space: 0B
Total reclaimed space: 0B
Total reclaimed space: 0B
Total reclaimed space: 0B
Deleted Images:
untagged: linuxserver/bazarr@sha256:366d2ec15b2c0dea669ae8c4b71e356b471aae1299f31716c274c37a5b30d288
deleted: sha256:d19fab9dce5b0006a2252a4202cec985dfca8411871f99043c5d2c495392a938
deleted: sha256:dbe58f0969a2045f99d99f5d5b306c7c17a31d7b1b813c6ad1fb8eac79a80217
deleted: sha256:fb9799fe125c9f082c9901260b85c4c08f2c9391c2c21968f965c59898b43f68
untagged: linuxserver/jackett@sha256:d16a73111ed77b61f7326fe330126dd6a176c10c91c68ecd391d20234a617720
deleted: sha256:d947a525cb5e1caad66f8cb23992041cf8600debe46ba85dc0bd0f6339b92018
deleted: sha256:c38a8b5377059c7ee6f5a6ca97a9087ac19955ab62350b1deb7e8fd180f0272c
deleted: sha256:726649019c6e67d261410597a5f6bf9d36366f09678272667cb5e7ae475043ed
untagged: qmcgaw/gluetun@sha256:128dc05d26ca3551ab799acc3d76716a4d3025e5e4cde97a7ce23a91f4a411c9
deleted: sha256:cfb84f2b4a9eb10e8d409133585030d5e5963381a4521d6cad8cab22146713ac
deleted: sha256:9401bb04bb729ffc21cc30ea702a44efd7bdfdcd3a973d07d295ee2364cd2b64
deleted: sha256:fdebf1de16f41d4e5813b64cf327c0b4bb75df68a79481c331d3ad2346754d5b
untagged: pannal/kitana@sha256:237d1d4f05774e1355dab20416b6597a24f3ecf5e69228b85a5d0ea7ea00807b
deleted: sha256:8ae486e424fb9094b3cecb4876518eb64e560c66dab0685baf668f1b02253e12
deleted: sha256:f0d47f970dae1d9344a272fe9fd45b5e66bee2c0031a17075daffc0188f69d3d
deleted: sha256:e637ec7fb1645d691fc23bda394478f4122ed72c3c2ddb40406fa07146c840f5
deleted: sha256:313992d92adfd85d40308681beaecb00974724180f4a843b48797d74591bbbb5
deleted: sha256:48331470f2184c57948b07ac046e87e08488706d86f562d3e7bc369b4b3b8e1a
deleted: sha256:8d4d62f318add24a07d0936b26258f95460fa1bde09f3662fc174cc795bb59c5
deleted: sha256:1e356730acc06a83f77f7af4ad546b5ee85f7ee74e3e47c71e92ef95af1ac384
deleted: sha256:b14ec4894c02824e51cb28077cffd0194bf6b90895840a31a6f4fd0d0e34c6e7
deleted: sha256:a3125452b3dceb2067bb029623417c5b11127e608698aadcfdf24360f86fc760
deleted: sha256:493cb3c9b65b8d5507746f2cc2a289fc557c081f03744e276662f4089d53660e
deleted: sha256:07cab433985205f29909739f511777a810f4a9aff486355b71308bb654cdc868
untagged: linuxserver/swag@sha256:0f398f3acd95fe7ce06cd6e5059a16ca4c0474b53d0b6b789d32813674c2cf27
deleted: sha256:5353295ae4df439f3f3d720089ddf6555d30816d8ed5184d53d409b854704e84
deleted: sha256:5249fba0c9d69955416ace38187dcca00a4115699d4eb11328337af7379cf04f
deleted: sha256:8f97876e2ed72313e4e5c78482e378c1f1744cd6f55b8322c1683c120640ce17
untagged: homeassistant/home-assistant@sha256:1931d2ad6be76ae0798775e086ef5c45699809d606503f53c75e895dfe6dad85
deleted: sha256:0b0d255a511877ec898596fe7c17a54200da203d918357347fa523839db46778
deleted: sha256:87f5f78e3ee5a3ff9061d5126edbd2e35c7d2becfac01678077589d1f305861f
deleted: sha256:1f21d523447dcff2cc8f705b8358295cfa043065428003cd7b04f990829c9962
deleted: sha256:033d45c70b0977141a361f967c4c2c7ffd9e0e971057547cd2ea6e67e66348db
deleted: sha256:39d8bef28cee15f6341f344f9ea234b62b2acd359e1b24868d773c184fb62868

Total reclaimed space: 2.028GB
Deleted Volumes:
022eb5f0c1e06547025862348df4207d703911781597b7e1612fc0830d8fe433
87f7369e23a932131093c1da102ad45a0918f43656fa96d54c6c25bd8795d329
b6705c59aa2c6711bfeef49a849c80f3f8041fe9c624150c19b08fa8963de507
9bb9dde25abafefa4fa13fd9c1b49805daa39ea4f4d1cc4f76473b3548d9d6a5
bea540ce080f0c978f0949fd8367e0f5fd3e2b3f5ffe88a07cc2abf015593b03
c9ce610c8a83ad2fa0faf13d8b301036e545650b369259f924177a383db9620a

Total reclaimed space: 4.646MB
Deleted Images:
untagged: linuxserver/swag@sha256:4e99244cdf6f6962b48f091c4a5e4e3a24259183a45473cdef64ddc9e87e624c
deleted: sha256:3f4367e05b89ddaa8421e47ed736b5b119f222a421384c1c36b2de22ae449b59
deleted: sha256:b1ba2d8b6d76c26fba98d12ae32e3c4fa49c7330680bdb898969fb4202e6c635
deleted: sha256:2088311fd94e5457b13dff61a5a6d9dccd7227c53bdaef3fccad4c37a70057c4
untagged: linuxserver/radarr@sha256:3fdd2101ac53760b347624ae82b423072bb47c87c30582801885c802fa068dd1
deleted: sha256:3f03b5d4ab7bc18508383c8af5f95d7afe8236c0dfbbfd670434cb9df3cae986
deleted: sha256:311fbe363ba064a45ed8505fbf4fb8e488e2d5cef8a7cd0c033bb689dbdf8cc1
deleted: sha256:4f5547deb3a725db048501a5b04d537243391381ce73d9c160b5b4d18d0ca3d8
untagged: telegraf@sha256:2c462d284d4aaaca99f88cd6d9c00ab39c73cdfd5882c94bb139761967a17d9a
deleted: sha256:372c5b23db5c4c32cb8a4f96700df4a27f9910f7104fbd2d032ef2e4097d3a6d
deleted: sha256:10bc807cac2b6b591d5aa0f21a42deb964e8f1fe7649008f1b68f73c5d31ed88
deleted: sha256:ea86e93f45af18886431bbdcfce8efb96f4d3d0acf0eed477054b3a50b309218
untagged: linuxserver/unifi-controller@sha256:73703d7424583d3b37a7ae817ba358c983d8a17b2c93b289b8cdcaba29532480
deleted: sha256:f729d04b34bc8661bc2fec405f86fb3a48225fa0b20789e9c302fb6bf737ae3c
deleted: sha256:7a678dea276c0d5ef691b84e889cbad36fca909959b7f899618f2f11b4106051
deleted: sha256:37b1d2fb29cfedb7aa909fcda8811c4092aa73f691724208f41af68d7cf0a333
untagged: linuxserver/plex@sha256:f92f4238cd7bc72ba576f22571ddc05461a2467bc0a1a5dd41864db7064d6fa6
deleted: sha256:214926328e167087f7754beae5143d45d4f9145b5287bc56c4a0e17a8384ca31
deleted: sha256:523f9533bcec1f467b35ed621d9f28b7269fc8be13ef9a482db069976b44f3a8
deleted: sha256:d2f54f8f8ec2cba1545a463b36dfc4af1b266c0a1404ac74c1a22cc94a8b6dbe
deleted: sha256:99c978793446320e1493a1ccfffb2d84476fead495a96b3f076999d8d74d6450
deleted: sha256:74bfc50b0796829fdf2380e88ab3d9b1787cc104e0b28b2caf7a6a08657add81
deleted: sha256:d6f044965cfdb94658c6b8ad9b273c025d2bf84accd936956517deb606fc1756
deleted: sha256:9b81967c311f74a606f684bebdd272d00bbe0a57f1688d03b428ef10bbcccbbe
deleted: sha256:858afefd72ff0ae80bbed677dd2e19279a6ebdfe5318d85300bac02af357fd72
deleted: sha256:d768d2391e97a28da09429f67ea195476d096bd83ecd727cf158b2eade8b13c8
untagged: linuxserver/sonarr@sha256:ff2deac091e1247f8579bf79a6aab28257b32b07d8bba716dca4dc10ba683f03
deleted: sha256:cfb771069a16f03c629d9b474c4ec500d89068d3a6d407958eee35ebb5ed6857
deleted: sha256:753a3afb3cdfd657437184aaafc3b6320ee950831d0392d5e2d27c4bc3e2cec4
deleted: sha256:34e6c6df072a509cd2c690f3eb94eb7fe5672f18fb4ac3a8e6b79d9e2e3d4edf
deleted: sha256:6fa1e99395e55212063588761384adab8b0195fba9a74c6b2233b5bb75179059
deleted: sha256:8985de06a98ced0699d02baaabcbacee68911efd8afe5c4416824672d9e73877
deleted: sha256:0827a74c10f222ccc401a0955311ba37931d90e909d7c6c7cc4b73ed57b775e8
deleted: sha256:2656a8f7965c30bae7868f7872b4da81917d395469a9b8508a614fdfee5c4893
deleted: sha256:0ed0a74190c22c1b7ba255f5a7037b965807d74780218a027f8b4770daa7d2d0
deleted: sha256:702fd6860e9a378d805fdf8c6d9940be483ac85ee5864410d59cfe3981633c3b
deleted: sha256:b4dc7bf796b5f93ad02c5fe8ce277a8b4f665dbaa9111ecfd249a773c6d5147b
untagged: qmcgaw/gluetun@sha256:de6fccf82fed82643f9fd8030d054f5fc6cb097ec60604a9afe8e8dce058c4ad
deleted: sha256:a9e8b4fe3b993bde9e701e2fdb890ff40628b12f50992e88644ba7737be093d9
deleted: sha256:0cce6a4ac21c849fbd8734472efb9b499c7ab58a231044b13b1543cbe557112a
deleted: sha256:e92df480f8f559fac16b8f7d1d9738b72cb1d676825b427a11563e78a272f7fc
deleted: sha256:c04d1437198bc178b49fdb9a90a9c0e362ffbd63c4be5d19fec406d1c9d6a03c
untagged: pihole/pihole@sha256:c8527517fb0cf796c57d870ed144bcbd47841d291019f6ec987a25b25676e0cf
deleted: sha256:0101bff9fa00f15abb2725d2af397680a995e26e84a0ce0a8a24f00283450fa2
deleted: sha256:3a2ee3bf40222584b9fbfbcf745e5feb687a4adef08456fa58ab237d8e5cf245
deleted: sha256:f645d9da80d1c7d7224bb84f7b9479b326364398909dd86ee260a82c6cfef67b
deleted: sha256:83df4276e6606366e23be7fd16029af691917f36194a5aed4301d20dcd182825
deleted: sha256:7a262aa6bfc5ed245a4c8d2ea0609b74103dd0b22b8ec52daf5e63690498af1c
deleted: sha256:7b427c7815723380bbb724522594bb0790190d4288fdd13cb0354e351bb166b0
deleted: sha256:aa591652bf906e57542ee5b01a215a6ada065ba3634ff9bbc1fabaf791e0b855
deleted: sha256:0eec7cb257ed9f5ca5e0351f94cfdce632924ab8ded6b71253d956bd2602eb52
deleted: sha256:904c3d43e0f4b0b1054e5e26a67e66f961e88eaf56420fb063d9824720a125e5
deleted: sha256:e2f1bc95202d3de65c26570b4a7ee3ce3903a00f619c8d61b5f800f1d0ee97f7
deleted: sha256:74560a5248b0088f0cbd35e18fe613e0def9d155dec4cbf47106b5d990fbd5c7
deleted: sha256:22256b52c0df5611a863daf6dbb0028a922d68ca2be1c925ca3da760541f5849
deleted: sha256:47efcd5384419fa69ea848f906cc1b7a8548f479f33dad4066dff71967b4c3d3
untagged: linuxserver/jackett@sha256:bd3a42e22df71882594dcf2f97897bc958e5462fb1d437f7f1f97cc3b07f2ad1
deleted: sha256:5d0b68121973ec0c2ee2acb87e7e25bc396e61415b421c1fd0b26788d7f2dae2
deleted: sha256:85fad5994d6d288eb19916fa29a4b4e772aa59b5d2e62c2d6b7739511d92202e
deleted: sha256:d67e9b0839df847434fdc385779895edf4fbc195562f770dea9e4371930b9dde
untagged: linuxserver/ombi@sha256:4a95d68180c0e4efc86aaa0eb7386d202747efe6f26483bd9ba2044acd912df6
deleted: sha256:998ff72c1d2fa006671efc58a912d40eb3baa1583d061941b1df6fca2a8b698b
deleted: sha256:5bbbaf2855873fa359df5b7f511b6e233345f4144ce0d337d89f9c9d6aab247f
deleted: sha256:a99e942e46818f35b46a166b2b9e6fd1a53eddc35d512194042a4e1013333e85
deleted: sha256:4c6b40d2b8229d0ed6b448cd790b7b85138de96192c478afe1ca9e07c79033b7
deleted: sha256:e33646e324cfc22453378fce94dd294c6f356cb7a9ac7f19f904d3b5f684859a
deleted: sha256:f2aab127981c4a7caeec3ac3cd411af2ebc4a301cc78475582ba189c00b71eb1
deleted: sha256:ce0eeb113b264dcbcd033f8fe483593db020d87f2b3fb280c73d064b94005702
deleted: sha256:d5fe95c100b018e483476bddb1cc0be0685a1b48475ea068f240742907f9cd82
deleted: sha256:84624d463fd0b9ac8fb0ad71dd113d379f391170ad065640cccfed6358b0aa85
untagged: linuxserver/tautulli@sha256:c5a9135a4d7b931ab8c9565f001330a00ec44ff909afca5ed8d8479c4c2617f0
deleted: sha256:493289b95fd6d0868ff6dbddd6f4b2b4ac90b491e3df4efa8e09c6f72dd97f2e
deleted: sha256:8312b343aba7850a10fabe10bdfbc6e128242657e52572d84198a34ff1111b27
deleted: sha256:04ce0caf2185540fea456de8b6438193f1f20fba98f71cade691b034a796f0bf
untagged: linuxserver/transmission@sha256:8ee9d6730e29ecc868bc62923e7fb00c1b648465bc29efca58ae3a5c220248e3
deleted: sha256:1a7e5b95b035b7a54c34fc1137c4d00a87c11c8d4428cfbb2c05c382b44ad7af
deleted: sha256:7c89e1a564a49c7c0b3dcc6cd8c31e8cacb9bc441f2585b47a6f49501ee253b4
deleted: sha256:20c3109a37c67e78c1d58d77b0864622e6b9865881b81f889e1a4a514470cb47
untagged: linuxserver/emby@sha256:1d25e1a311665763508dc5426a9acde9eef3f8de329b1dc568aa45763f2fab5e
deleted: sha256:6790174b58e8dd59a5efdcf45b3d493679a0d56cbb636886cb6a50fc1c69d780
deleted: sha256:4586e1b4b099b81e6d172263aef257102608624466120c67835be976de57bb9e
deleted: sha256:88a341a030a5f735969ce0db2bba406c59fca6027886b9d14ff2c10b39777345
deleted: sha256:e723ebc9236dccd94d31086c95fbd871efb7a2645425a9355410c368bf69a612
deleted: sha256:36a185e39fb078f8f48403c5b0ca340a2032afd0583123483df4218d58f57d5b
deleted: sha256:6c0c3457236e298ade095a5f1c2320c7bed2a60927053730191d65757b5c889d
deleted: sha256:ee9cadd48033b8d070c916a70093c94bc3f4af2c22cf2fc0787900208d9b0ed4
deleted: sha256:d1b64784c8075c5be4a2264e0628ad9d85980bf9ba28daeb62094b79a67b9b8a
deleted: sha256:a163edd990e3ab553ce067f6122fa7927491fd45a0f902ced0fd290a03927845
deleted: sha256:6a6d83eeb6f86e244c2642d9d35e6dcab00a8c2c53c679bf73c34e1cd3ac3e9a

Total reclaimed space: 3.865GB
Deleted Volumes:
f9beb9af7da3e316b7ba055a6801b5ea235bc2fcc87beb4858d0c3399889f77b
ce4f5f47500f8712b0165e68cee8b6b7c581831ec5635e6ab76a9c9534402811
11589df828c0877a3cdbfc28c8ef1269ce4262fe4861adef13fc05932aa72714
4950cec6f76f3c0fbb3c6c2547f579a7c942a9cc1a73f9c0ce8eb8882c78dfdc
acef6428a8248e35974b96795977b5e61b71c6981212e613a7ba79381883133e
ce8ea45b676861986b53fc6aac09c3eda86b4eae2f64641fd9154021884292e5

Total reclaimed space: 4.682MB
